<?xml version="1.0" encoding="UTF-8" ?>
<testsuite failures="0" time="0.031" errors="0" skipped="0" tests="1" name="es.aguasnegras.tdd.CalculatorTest">
  <properties>
    <property name="java.runtime.name" value="Java(TM) SE Runtime Environment"/>
    <property name="sun.boot.library.path" value="C:\WebWork\Java\jdk7\jre\bin"/>
    <property name="java.vm.version" value="21.0-b17"/>
    <property name="java.vm.vendor" value="Oracle Corporation"/>
    <property name="java.vendor.url" value="http://java.oracle.com/"/>
    <property name="path.separator" value=";"/>
    <property name="java.vm.name" value="Java HotSpot(TM) Client VM"/>
    <property name="file.encoding.pkg" value="sun.io"/>
    <property name="user.script" value=""/>
    <property name="user.country" value="ES"/>
    <property name="sun.java.launcher" value="SUN_STANDARD"/>
    <property name="sun.os.patch.level" value="Service Pack 3"/>
    <property name="java.vm.specification.name" value="Java Virtual Machine Specification"/>
    <property name="user.dir" value="C:\Documents and Settings\aventura\IdeaProjects\DisenoAgilTDD"/>
    <property name="java.runtime.version" value="1.7.0-b147"/>
    <property name="java.awt.graphicsenv" value="sun.awt.Win32GraphicsEnvironment"/>
    <property name="basedir" value="C:\Documents and Settings\aventura\IdeaProjects\DisenoAgilTDD"/>
    <property name="java.endorsed.dirs" value="C:\WebWork\Java\jdk7\jre\lib\endorsed"/>
    <property name="os.arch" value="x86"/>
    <property name="surefire.real.class.path" value="C:\Documents and Settings\aventura\IdeaProjects\DisenoAgilTDD\target\surefire\surefirebooter3243616645848113281.jar"/>
    <property name="java.io.tmpdir" value="C:\DOCUME~1\aventura\CONFIG~1\Temp\"/>
    <property name="line.separator" value="
"/>
    <property name="java.vm.specification.vendor" value="Oracle Corporation"/>
    <property name="user.variant" value=""/>
    <property name="os.name" value="Windows XP"/>
    <property name="sun.jnu.encoding" value="Cp1252"/>
    <property name="java.library.path" value="C:\WebWork\Java\jdk7\jre\bin;C:\WINDOWS\Sun\Java\bin;C:\WINDOWS\system32;C:\WINDOWS;C:\trjava\java\jdk1.6.0_27;C:\trjava\java\jdk1.6.0_27\bin;C:\trjava\tools\apache-maven-3.0.3\bin;C:\trjava\tools\apache-ant-1.7.1\bin;C:\Archivos de programa\Intel\iCLS Client\;C:\WINDOWS\system32;C:\WINDOWS;C:\WINDOWS\System32\Wbem;C:\Archivos de programa\Intel\Intel(R) Management Engine Components\DAL;C:\Archivos de programa\Intel\Intel(R) Management Engine Components\IPT;C:\Archivos de programa\TortoiseSVN\bin;C:\Archivos de programa\SSH Communications Security\SSH Secure Shell;C:\Archivos de programa\Archivos comunes\Nero\Lib\;."/>
    <property name="surefire.test.class.path" value="C:\Documents and Settings\aventura\IdeaProjects\DisenoAgilTDD\target\test-classes;C:\Documents and Settings\aventura\IdeaProjects\DisenoAgilTDD\target\classes;C:\trjava\lib\maven\junit\junit\4.11\junit-4.11.jar;C:\trjava\lib\maven\org\hamcrest\hamcrest-core\1.3\hamcrest-core-1.3.jar;"/>
    <property name="java.specification.name" value="Java Platform API Specification"/>
    <property name="java.class.version" value="51.0"/>
    <property name="sun.management.compiler" value="HotSpot Client Compiler"/>
    <property name="os.version" value="5.1"/>
    <property name="user.home" value="C:\Documents and Settings\aventura"/>
    <property name="user.timezone" value=""/>
    <property name="java.awt.printerjob" value="sun.awt.windows.WPrinterJob"/>
    <property name="java.specification.version" value="1.7"/>
    <property name="file.encoding" value="Cp1252"/>
    <property name="user.name" value="aventura"/>
    <property name="java.class.path" value="C:\Documents and Settings\aventura\IdeaProjects\DisenoAgilTDD\target\test-classes;C:\Documents and Settings\aventura\IdeaProjects\DisenoAgilTDD\target\classes;C:\trjava\lib\maven\junit\junit\4.11\junit-4.11.jar;C:\trjava\lib\maven\org\hamcrest\hamcrest-core\1.3\hamcrest-core-1.3.jar;"/>
    <property name="java.vm.specification.version" value="1.7"/>
    <property name="sun.arch.data.model" value="32"/>
    <property name="java.home" value="C:\WebWork\Java\jdk7\jre"/>
    <property name="sun.java.command" value="C:\Documents and Settings\aventura\IdeaProjects\DisenoAgilTDD\target\surefire\surefirebooter3243616645848113281.jar C:\Documents and Settings\aventura\IdeaProjects\DisenoAgilTDD\target\surefire\surefire2975404295263881629tmp C:\Documents and Settings\aventura\IdeaProjects\DisenoAgilTDD\target\surefire\surefire301612215770606798tmp"/>
    <property name="java.specification.vendor" value="Oracle Corporation"/>
    <property name="user.language" value="es"/>
    <property name="awt.toolkit" value="sun.awt.windows.WToolkit"/>
    <property name="java.vm.info" value="mixed mode, sharing"/>
    <property name="java.version" value="1.7.0"/>
    <property name="java.ext.dirs" value="C:\WebWork\Java\jdk7\jre\lib\ext;C:\WINDOWS\Sun\Java\lib\ext"/>
    <property name="sun.boot.class.path" value="C:\WebWork\Java\jdk7\jre\lib\resources.jar;C:\WebWork\Java\jdk7\jre\lib\rt.jar;C:\WebWork\Java\jdk7\jre\lib\sunrsasign.jar;C:\WebWork\Java\jdk7\jre\lib\jsse.jar;C:\WebWork\Java\jdk7\jre\lib\jce.jar;C:\WebWork\Java\jdk7\jre\lib\charsets.jar;C:\WebWork\Java\jdk7\jre\classes"/>
    <property name="java.vendor" value="Oracle Corporation"/>
    <property name="localRepository" value="C:\trjava\lib\maven"/>
    <property name="file.separator" value="\"/>
    <property name="java.vendor.url.bug" value="http://bugreport.sun.com/bugreport/"/>
    <property name="sun.cpu.endian" value="little"/>
    <property name="sun.io.unicode.encoding" value="UnicodeLittle"/>
    <property name="sun.desktop" value="windows"/>
    <property name="sun.cpu.isalist" value="pentium_pro+mmx pentium_pro pentium+mmx pentium i486 i386 i86"/>
  </properties>
  <testcase time="0" classname="es.aguasnegras.tdd.CalculatorTest" name="add"/>
</testsuite>